2018-04-10 23:41:04,637 INFO  o.s.b.w.s.ServletRegistrationBean[190] - Mapping servlet: 'dispatcherServlet' to [/]
2018-04-10 23:41:04,655 INFO  o.s.b.w.s.FilterRegistrationBean[258] - Mapping filter: 'metricsFilter' to: [/*]
2018-04-10 23:41:04,656 INFO  o.s.b.w.s.FilterRegistrationBean[258] - Mapping filter: 'characterEncodingFilter' to: [/*]
2018-04-10 23:41:04,656 INFO  o.s.b.w.s.FilterRegistrationBean[258] - Mapping filter: 'hiddenHttpMethodFilter' to: [/*]
2018-04-10 23:41:04,656 INFO  o.s.b.w.s.FilterRegistrationBean[258] - Mapping filter: 'httpPutFormContentFilter' to: [/*]
2018-04-10 23:41:04,657 INFO  o.s.b.w.s.FilterRegistrationBean[258] - Mapping filter: 'requestContextFilter' to: [/*]
2018-04-10 23:41:04,657 INFO  o.s.b.w.s.FilterRegistrationBean[258] - Mapping filter: 'webRequestLoggingFilter' to: [/*]
2018-04-10 23:41:04,658 INFO  o.s.b.w.s.FilterRegistrationBean[271] - Mapping filter: 'webStatFilter' to urls: [/*]
2018-04-10 23:41:04,658 INFO  o.s.b.w.s.FilterRegistrationBean[258] - Mapping filter: 'applicationContextIdFilter' to: [/*]
2018-04-10 23:41:05,232 INFO  o.s.w.s.m.m.a.RequestMappingHandlerAdapter[534] - Looking for @ControllerAdvice: org.springframework.boot.context.embedded.AnnotationConfigEmbeddedWebApplicationContext@654f0d9c: startup date [Tue Apr 10 23:41:01 GMT+08:00 2018]; root of context hierarchy
2018-04-10 23:41:05,308 INFO  o.s.w.s.m.m.a.RequestMappingHandlerMapping[543] - Mapped "{[/getResource]}" onto public com.aididi.util.JSONResult com.aididi.springbootlearning01.HomeController.getResource()
2018-04-10 23:41:05,313 INFO  o.s.w.s.m.m.a.RequestMappingHandlerMapping[543] - Mapped "{[/theaf/index]}" onto public java.lang.String com.aididi.springbootlearning01.ThymeleafController.index(org.springframework.ui.ModelMap)
2018-04-10 23:41:05,314 INFO  o.s.w.s.m.m.a.RequestMappingHandlerMapping[543] - Mapped "{[/theaf/addUser]}" onto public java.lang.String com.aididi.springbootlearning01.ThymeleafController.addUser(com.aididi.pojo.UserVo)
2018-04-10 23:41:05,315 INFO  o.s.w.s.m.m.a.RequestMappingHandlerMapping[543] - Mapped "{[/theaf/userAll]}" onto public java.lang.String com.aididi.springbootlearning01.ThymeleafController.getUser(org.springframework.ui.ModelMap)
2018-04-10 23:41:05,316 INFO  o.s.w.s.m.m.a.RequestMappingHandlerMapping[543] - Mapped "{[/theaf/userList]}" onto public java.lang.String com.aididi.springbootlearning01.ThymeleafController.getUserList(org.springframework.ui.ModelMap)
2018-04-10 23:41:05,319 INFO  o.s.w.s.m.m.a.RequestMappingHandlerMapping[543] - Mapped "{[/error]}" onto public org.springframework.http.ResponseEntity<java.util.Map<java.lang.String, java.lang.Object>> org.springframework.boot.autoconfigure.web.BasicErrorController.error(javax.servlet.http.HttpServletRequest)
2018-04-10 23:41:05,319 INFO  o.s.w.s.m.m.a.RequestMappingHandlerMapping[543] - Mapped "{[/error],produces=[text/html]}" onto public org.springframework.web.servlet.ModelAndView org.springframework.boot.autoconfigure.web.BasicErrorController.errorHtml(javax.servlet.http.HttpServletRequest,javax.servlet.http.HttpServletResponse)
2018-04-10 23:41:05,360 INFO  o.s.w.s.h.SimpleUrlHandlerMapping[362] - Mapped URL path [/webjars/**] onto handler of type [class org.springframework.web.servlet.resource.ResourceHttpRequestHandler]
2018-04-10 23:41:05,360 INFO  o.s.w.s.h.SimpleUrlHandlerMapping[362] - Mapped URL path [/static/**] onto handler of type [class org.springframework.web.servlet.resource.ResourceHttpRequestHandler]
2018-04-10 23:41:05,417 INFO  o.s.w.s.h.SimpleUrlHandlerMapping[362] - Mapped URL path [/**/favicon.ico] onto handler of type [class org.springframework.web.servlet.resource.ResourceHttpRequestHandler]
